<?xml version="1.0" encoding="UTF-8"?>
<testng-results ignored="0" total="1" passed="1" failed="0" skipped="0">
  <reporter-output>
  </reporter-output>
  <suite started-at="2023-05-09T16:13:32 IST" name="Default suite" finished-at="2023-05-09T16:14:00 IST" duration-ms="27950">
    <groups>
    </groups>
    <test started-at="2023-05-09T16:13:32 IST" name="Default test" finished-at="2023-05-09T16:14:00 IST" duration-ms="27950">
      <class name="com.hrms.testscripts.Tc_004">
        <test-method signature="tc_004()[pri:0, instance:com.hrms.testscripts.Tc_004@63a12c68]" started-at="2023-05-09T16:13:32 IST" name="tc_004" finished-at="2023-05-09T16:14:00 IST" duration-ms="27911" status="PASS">
          <reporter-output>
          </reporter-output>
        </test-method> <!-- tc_004 -->
      </class> <!-- com.hrms.testscripts.Tc_004 -->
    </test> <!-- Default test -->
  </suite> <!-- Default suite -->
</testng-results>
